<?xml version="1.0" encoding="UTF-8"?>
<!-- Generated by org.testng.reporters.JUnitXMLReporter -->
<testsuite ignored="0" hostname="AlamFaleela" failures="4" tests="7" name="BankingApp Test" time="39.755" errors="0" timestamp="05 Jun 2022 19:00:51 GMT">
  <testcase classname="com.inetBanking.testCases.TC_001_LoginTest" name="loginTest" time="1.988">
    <failure type="java.lang.AssertionError">
      <![CDATA[java.lang.AssertionError
at org.junit.Assert.fail(Assert.java:86)
at org.junit.Assert.assertTrue(Assert.java:41)
at org.junit.Assert.assertTrue(Assert.java:52)
at com.inetBanking.testCases.TC_001_LoginTest.loginTest(TC_001_LoginTest.java:30)
... Removed 23 stack frames]]>
    </failure>
  </testcase> <!-- loginTest -->
  <testcase classname="com.inetBanking.testCases.TC_001_LoginTest" name="loginTest1" time="3.112">
    <failure type="java.lang.AssertionError">
      <![CDATA[java.lang.AssertionError
at org.junit.Assert.fail(Assert.java:86)
at org.junit.Assert.assertTrue(Assert.java:41)
at org.junit.Assert.assertTrue(Assert.java:52)
at com.inetBanking.testCases.TC_001_LoginTest.loginTest1(TC_001_LoginTest.java:51)
... Removed 23 stack frames]]>
    </failure>
  </testcase> <!-- loginTest1 -->
  <testcase classname="com.inetBanking.testCases.TC_002_LoginDDT" name="loginDDT" time="4.125"/>
  <testcase classname="com.inetBanking.testCases.TC_002_LoginDDT" name="loginDDT" time="1.819">
    <failure type="java.lang.AssertionError">
      <![CDATA[java.lang.AssertionError
at org.junit.Assert.fail(Assert.java:86)
at org.junit.Assert.assertTrue(Assert.java:41)
at org.junit.Assert.assertTrue(Assert.java:52)
at com.inetBanking.testCases.TC_002_LoginDDT.loginDDT(TC_002_LoginDDT.java:25)
... Removed 23 stack frames]]>
    </failure>
  </testcase> <!-- loginDDT -->
  <testcase classname="com.inetBanking.testCases.TC_002_LoginDDT" name="loginDDT" time="3.784"/>
  <testcase classname="com.inetBanking.testCases.TC_002_LoginDDT" name="loginDDT" time="2.253">
    <failure type="java.lang.AssertionError">
      <![CDATA[java.lang.AssertionError
at org.junit.Assert.fail(Assert.java:86)
at org.junit.Assert.assertTrue(Assert.java:41)
at org.junit.Assert.assertTrue(Assert.java:52)
at com.inetBanking.testCases.TC_002_LoginDDT.loginDDT(TC_002_LoginDDT.java:25)
... Removed 23 stack frames]]>
    </failure>
  </testcase> <!-- loginDDT -->
  <testcase classname="com.inetBanking.testCases.TC_002_LoginDDT" name="loginDDT" time="4.511"/>
</testsuite> <!-- BankingApp Test -->
